<?xml version="1.0" encoding="UTF-8"?>
<!-- Generated by org.testng.reporters.JUnitXMLReporter -->
<testsuite hostname="LAPTOP-BKNNN7A8" ignored="0" name="Surefire test" tests="5" failures="0" timestamp="2022-04-14T19:20:06 IST" time="3.654" errors="0">
  <testcase name="CreatePlaylistWithExpiredToken" time="2.573" classname="com.spotify.tests.PlaylistTests"/>
  <testcase name="CreatePlaylistWithoutName" time="3.359" classname="com.spotify.tests.PlaylistTests"/>
  <testcase name="GetPlaylist" time="3.407" classname="com.spotify.tests.PlaylistTests"/>
  <testcase name="UpdatePlaylist" time="3.435" classname="com.spotify.tests.PlaylistTests"/>
  <testcase name="CreatePlaylist" time="3.487" classname="com.spotify.tests.PlaylistTests"/>
</testsuite> <!-- Surefire test -->
