<?xml version="1.0" encoding="UTF-8"?>
<testsuite xmlns:xsi="http://www.w3.org/2001/XMLSchema-instance" xsi:noNamespaceSchemaLocation="https://maven.apache.org/surefire/maven-surefire-plugin/xsd/surefire-test-report-3.0.xsd" version="3.0" name="TestSuite" time="4.707" tests="5" errors="0" skipped="0" failures="0">
  <properties>
[...]
</properties>
  <testcase name="CreatePlaylistWithExpiredToken" classname="com.spotify.tests.PlaylistTests" time="2.576">
    <system-out><![CDATA[STARTING TEST: CreatePlaylist
STARTING TEST: GetPlaylist
STARTING TEST: CreatePlaylistWithExpiredToken
STARTING TEST: CreatePlaylistWithoutName
STARTING TEST: UpdatePlaylist
THREAD ID: 19
THREAD ID: 22
THREAD ID: 20
THREAD ID: 18
THREAD ID: 21
Renewing token...
Request method:	POST
Request URI:	https://accounts.spotify.com/api/token
Proxy:			<none>
Request params:	<none>
Query params:	<none>
Form params:	refresh_token=AQA1V8jwJbDAeiYqaxipIBLj1YOa7H0GymDkswHSyShW_LPjwZtCruup6I3p8GXoiccWq1__76Io5WA998sm5Bglslz6ix-K62ldpWuS8FZVbm1DLEL3tfwgPGdjuU4AE3k
				grant_type=refresh_token
				client_secret=5306e0ed3bbe47eea127562338f7bd7f
				client_id=9105b9f4cd654b2ea045e51ca45abdfc
Path params:	<none>
Headers:		Accept=*/*
				Content-Type=application/x-www-form-urlencoded; charset=ISO-8859-1
Cookies:		<none>
Multiparts:		<none>
Body:			<none>
Request method:	POST
Request URI:	https://api.spotify.com/v1/users/31hlu26s4ehet767v6hw7i75x6li/playlists
Proxy:			<none>
Request params:	<none>
Query params:	<none>
Form params:	<none>
Path params:	<none>
Headers:		Accept=*/*
				Content-Type=application/json
Cookies:		<none>
Multiparts:		<none>
Body:
{
    "description": "Description __eyR_BJ-_w-M-G_mT6A",
    "name": "Playlist _dhd6tL0--",
    "public": false
}
HTTP/1.1 401 Unauthorized
www-authenticate: Bearer realm="spotify", error="invalid_token", error_description="Invalid access token"
access-control-allow-origin: *
access-control-allow-headers: Accept, App-Platform, Authorization, Content-Type, Origin, Retry-After, Spotify-App-Version, X-Cloud-Trace-Context, client-token, content-access-token
access-control-allow-methods: GET, POST, OPTIONS, PUT, DELETE, PATCH
access-control-allow-credentials: true
access-control-max-age: 604800
content-type: application/json
content-encoding: gzip
strict-transport-security: max-age=31536000
x-content-type-options: nosniff
date: Thu, 14 Apr 2022 13:50:05 GMT
server: envoy
Via: HTTP/2 edgeproxy, 1.1 google
Alt-Svc: clear
Transfer-Encoding: chunked

{
    "error": {
        "status": 401,
        "message": "Invalid access token"
    }
}
HTTP/1.1 200 OK
date: Thu, 14 Apr 2022 13:50:05 GMT
content-type: application/json
vary: Accept-Encoding
set-cookie: __Host-device_id=AQD7dcsOV244H8qG4OEiYaw9eqk3XMVqtQLc_d17ZtbaU27lvc9iOI2RLH8CjWMIJX47a7NAuJDF4KRD9xpx6v26LZ6bAXLNgXU;Version=1;Path=/;Max-Age=2147483647;Secure;HttpOnly;SameSite=Lax
set-cookie: sp_tr=false;Version=1;Domain=accounts.spotify.com;Path=/;Secure;SameSite=Lax
sp-trace-id: 9819536600c11368
content-encoding: gzip
strict-transport-security: max-age=31536000
x-content-type-options: nosniff
server: envoy
Via: HTTP/2 edgeproxy, 1.1 google
Alt-Svc: clear
Transfer-Encoding: chunked

{
    "access_token": "BQD6Op-T1dSR04MHE9HVuq5VEClIioFpyeGEWhZfO5_jRX1u9m5N7szFKEhMdAlyrs_150xa96lwOidP2UbsBhRw8-5-3wMO5RxrfCYMMn4sn0pur2ba0NYjyBadkp-ZRv8FD9Wg64xskCR4-IUILk-gKo-azGKFE9PBqXGRaPiqgE59horEXWK-gj7I3G8EzRHiNCeudfw6p0gmkT2nO4n7ph-qJ1R5nL8BO-OxIrIowVox",
    "token_type": "Bearer",
    "expires_in": 3600,
    "scope": "playlist-read-private playlist-read-collaborative playlist-modify-private playlist-modify-public"
}
]]></system-out>
    <system-err><![CDATA[SLF4J: Failed to load class "org.slf4j.impl.StaticLoggerBinder".
SLF4J: Defaulting to no-operation (NOP) logger implementation
SLF4J: See http://www.slf4j.org/codes.html#StaticLoggerBinder for further details.
]]></system-err>
  </testcase>
  <testcase name="CreatePlaylistWithoutName" classname="com.spotify.tests.PlaylistTests" time="3.364">
    <system-out><![CDATA[Token is good to use...
Token is good to use...
Token is good to use...
Request method:	GET
Request URI:	https://api.spotify.com/v1/playlists/0xlZYaRZ5wvetxgYzp4Jlr
Proxy:			<none>
Request params:	<none>
Query params:	<none>
Form params:	<none>
Path params:	<none>
Headers:		Accept=*/*
				Content-Type=application/json
Cookies:		<none>
Multiparts:		<none>
Body:			<none>
Request method:	POST
Request URI:	https://api.spotify.com/v1/users/31hlu26s4ehet767v6hw7i75x6li/playlists
Proxy:			<none>
Request params:	<none>
Query params:	<none>
Form params:	<none>
Path params:	<none>
Headers:		Accept=*/*
				Content-Type=application/json
Cookies:		<none>
Multiparts:		<none>
Body:
{
    "description": "Description Zv__-x_92d53nZ-N955_",
    "name": "",
    "public": false
}
Request method:	PUT
Request URI:	https://api.spotify.com/v1/playlists/0UXdJvJ3YQgOJRBt9clQ4S
Proxy:			<none>
Request params:	<none>
Query params:	<none>
Form params:	<none>
Path params:	<none>
Headers:		Accept=*/*
				Content-Type=application/json
Cookies:		<none>
Multiparts:		<none>
Body:
{
    "description": "Description U8Vv1--i_g5OE-9__---",
    "name": "Playlist TW_1euiE-I",
    "public": false
}
Request method:	POST
Request URI:	https://api.spotify.com/v1/users/31hlu26s4ehet767v6hw7i75x6li/playlists
Proxy:			<none>
Request params:	<none>
Query params:	<none>
Form params:	<none>
Path params:	<none>
Headers:		Accept=*/*
				Content-Type=application/json
Cookies:		<none>
Multiparts:		<none>
Body:
{
    "description": "Description -_VZI6GB2_k5-838B4H_",
    "name": "Playlist -_-Z3-j4I-",
    "public": false
}
HTTP/1.1 400 Bad Request
content-type: application/json; charset=utf-8
cache-control: private, max-age=0
x-robots-tag: noindex, nofollow
access-control-allow-origin: *
access-control-allow-headers: Accept, App-Platform, Authorization, Content-Type, Origin, Retry-After, Spotify-App-Version, X-Cloud-Trace-Context, client-token, content-access-token
access-control-allow-methods: GET, POST, OPTIONS, PUT, DELETE, PATCH
access-control-allow-credentials: true
access-control-max-age: 604800
content-encoding: gzip
strict-transport-security: max-age=31536000
x-content-type-options: nosniff
date: Thu, 14 Apr 2022 13:50:06 GMT
server: envoy
Via: HTTP/2 edgeproxy, 1.1 google
Alt-Svc: clear
Transfer-Encoding: chunked

{
    "error": {
        "status": 400,
        "message": "Missing required field: name"
    }
}
]]></system-out>
  </testcase>
  <testcase name="GetPlaylist" classname="com.spotify.tests.PlaylistTests" time="3.41">
    <system-out><![CDATA[HTTP/1.1 200 OK
content-type: application/json; charset=utf-8
cache-control: public, max-age=0
etag: "MC-IjVjYWM5ZDhmYmRhNTFiNWVlY2FiMWM1MDc2ZjIyZWM1Ig=="
x-robots-tag: noindex, nofollow
access-control-allow-origin: *
access-control-allow-headers: Accept, App-Platform, Authorization, Content-Type, Origin, Retry-After, Spotify-App-Version, X-Cloud-Trace-Context, client-token, content-access-token
access-control-allow-methods: GET, POST, OPTIONS, PUT, DELETE, PATCH
access-control-allow-credentials: true
access-control-max-age: 604800
content-encoding: gzip
strict-transport-security: max-age=31536000
x-content-type-options: nosniff
date: Thu, 14 Apr 2022 13:50:06 GMT
server: envoy
Via: HTTP/2 edgeproxy, 1.1 google
Alt-Svc: clear
Transfer-Encoding: chunked

{
    "collaborative": false,
    "description": "Description pW_0_634_m__2QR--1-j",
    "external_urls": {
        "spotify": "https://open.spotify.com/playlist/0xlZYaRZ5wvetxgYzp4Jlr"
    },
    "followers": {
        "href": null,
        "total": 0
    },
    "href": "https://api.spotify.com/v1/playlists/0xlZYaRZ5wvetxgYzp4Jlr",
    "id": "0xlZYaRZ5wvetxgYzp4Jlr",
    "images": [
        
    ],
    "name": "Playlist Wd8_-_Fu_6",
    "owner": {
        "display_name": "varghese kp",
        "external_urls": {
            "spotify": "https://open.spotify.com/user/31hlu26s4ehet767v6hw7i75x6li"
        },
        "href": "https://api.spotify.com/v1/users/31hlu26s4ehet767v6hw7i75x6li",
        "id": "31hlu26s4ehet767v6hw7i75x6li",
        "type": "user",
        "uri": "spotify:user:31hlu26s4ehet767v6hw7i75x6li"
    },
    "primary_color": null,
    "public": false,
    "snapshot_id": "MjUsNThlMDlmNDQ0MmIyODFjYzM0MmNiYWMyN2ZhZmM0M2U5ODRmOWM3Yg==",
    "tracks": {
        "href": "https://api.spotify.com/v1/playlists/0xlZYaRZ5wvetxgYzp4Jlr/tracks?offset=0&limit=100",
        "items": [
            
        ],
        "limit": 100,
        "next": null,
        "offset": 0,
        "previous": null,
        "total": 0
    },
    "type": "playlist",
    "uri": "spotify:playlist:0xlZYaRZ5wvetxgYzp4Jlr"
}
]]></system-out>
  </testcase>
  <testcase name="UpdatePlaylist" classname="com.spotify.tests.PlaylistTests" time="3.439">
    <system-out><![CDATA[HTTP/1.1 200 OK
cache-control: private, max-age=0
x-robots-tag: noindex, nofollow
access-control-allow-origin: *
access-control-allow-headers: Accept, App-Platform, Authorization, Content-Type, Origin, Retry-After, Spotify-App-Version, X-Cloud-Trace-Context, client-token, content-access-token
access-control-allow-methods: GET, POST, OPTIONS, PUT, DELETE, PATCH
access-control-allow-credentials: true
access-control-max-age: 604800
Content-Length: 0
strict-transport-security: max-age=31536000
x-content-type-options: nosniff
date: Thu, 14 Apr 2022 13:50:06 GMT
server: envoy
Via: HTTP/2 edgeproxy, 1.1 google
Alt-Svc: clear
]]></system-out>
  </testcase>
  <testcase name="CreatePlaylist" classname="com.spotify.tests.PlaylistTests" time="3.49">
    <system-out><![CDATA[HTTP/1.1 201 Created
content-type: application/json; charset=utf-8
cache-control: private, max-age=0
location: https://api.spotify.com/v1/playlists/1hrjsIEmKpaeMgaFdnLOrt
x-robots-tag: noindex, nofollow
access-control-allow-origin: *
access-control-allow-headers: Accept, App-Platform, Authorization, Content-Type, Origin, Retry-After, Spotify-App-Version, X-Cloud-Trace-Context, client-token, content-access-token
access-control-allow-methods: GET, POST, OPTIONS, PUT, DELETE, PATCH
access-control-allow-credentials: true
access-control-max-age: 604800
content-encoding: gzip
strict-transport-security: max-age=31536000
x-content-type-options: nosniff
date: Thu, 14 Apr 2022 13:50:06 GMT
server: envoy
Via: HTTP/2 edgeproxy, 1.1 google
Alt-Svc: clear
Transfer-Encoding: chunked

{
    "collaborative": false,
    "description": "Description -_VZI6GB2_k5-838B4H_",
    "external_urls": {
        "spotify": "https://open.spotify.com/playlist/1hrjsIEmKpaeMgaFdnLOrt"
    },
    "followers": {
        "href": null,
        "total": 0
    },
    "href": "https://api.spotify.com/v1/playlists/1hrjsIEmKpaeMgaFdnLOrt",
    "id": "1hrjsIEmKpaeMgaFdnLOrt",
    "images": [
        
    ],
    "name": "Playlist -_-Z3-j4I-",
    "owner": {
        "display_name": "varghese kp",
        "external_urls": {
            "spotify": "https://open.spotify.com/user/31hlu26s4ehet767v6hw7i75x6li"
        },
        "href": "https://api.spotify.com/v1/users/31hlu26s4ehet767v6hw7i75x6li",
        "id": "31hlu26s4ehet767v6hw7i75x6li",
        "type": "user",
        "uri": "spotify:user:31hlu26s4ehet767v6hw7i75x6li"
    },
    "primary_color": null,
    "public": false,
    "snapshot_id": "MSxlYWQwZGEwOTMxOGVkOGVlMWExOGE1OTJlZjRkNWEwNGVjMzU3MmU4",
    "tracks": {
        "href": "https://api.spotify.com/v1/playlists/1hrjsIEmKpaeMgaFdnLOrt/tracks",
        "items": [
            
        ],
        "limit": 100,
        "next": null,
        "offset": 0,
        "previous": null,
        "total": 0
    },
    "type": "playlist",
    "uri": "spotify:playlist:1hrjsIEmKpaeMgaFdnLOrt"
}
]]></system-out>
  </testcase>
</testsuite>